<?xml version="1.0" encoding="UTF-8"?>
<testsuite xmlns:xsi="http://www.w3.org/2001/XMLSchema-instance" xsi:noNamespaceSchemaLocation="https://maven.apache.org/surefire/maven-surefire-plugin/xsd/surefire-test-report-3.0.xsd" version="3.0" name="com.example.eren.ErenApplicationTests" time="1.969" tests="1" errors="0" skipped="0" failures="0">
  <properties>
    <property name="java.specification.version" value="20"/>
    <property name="sun.jnu.encoding" value="UTF-8"/>
    <property name="java.class.path" value="/home/sumit.kumar/Downloads/work/java_projects/group/eren/target/test-classes:/home/sumit.kumar/Downloads/work/java_projects/group/eren/target/classes:/home/sumit.kumar/.m2/repository/org/springframework/boot/spring-boot-starter-web/3.1.1/spring-boot-starter-web-3.1.1.jar:/home/sumit.kumar/.m2/repository/org/springframework/boot/spring-boot-starter/3.1.1/spring-boot-starter-3.1.1.jar:/home/sumit.kumar/.m2/repository/org/springframework/boot/spring-boot-starter-logging/3.1.1/spring-boot-starter-logging-3.1.1.jar:/home/sumit.kumar/.m2/repository/ch/qos/logback/logback-classic/1.4.8/logback-classic-1.4.8.jar:/home/sumit.kumar/.m2/repository/ch/qos/logback/logback-core/1.4.8/logback-core-1.4.8.jar:/home/sumit.kumar/.m2/repository/org/apache/logging/log4j/log4j-to-slf4j/2.20.0/log4j-to-slf4j-2.20.0.jar:/home/sumit.kumar/.m2/repository/org/apache/logging/log4j/log4j-api/2.20.0/log4j-api-2.20.0.jar:/home/sumit.kumar/.m2/repository/org/slf4j/jul-to-slf4j/2.0.7/jul-to-slf4j-2.0.7.jar:/home/sumit.kumar/.m2/repository/jakarta/annotation/jakarta.annotation-api/2.1.1/jakarta.annotation-api-2.1.1.jar:/home/sumit.kumar/.m2/repository/org/yaml/snakeyaml/1.33/snakeyaml-1.33.jar:/home/sumit.kumar/.m2/repository/org/springframework/boot/spring-boot-starter-json/3.1.1/spring-boot-starter-json-3.1.1.jar:/home/sumit.kumar/.m2/repository/com/fasterxml/jackson/core/jackson-databind/2.15.2/jackson-databind-2.15.2.jar:/home/sumit.kumar/.m2/repository/com/fasterxml/jackson/core/jackson-annotations/2.15.2/jackson-annotations-2.15.2.jar:/home/sumit.kumar/.m2/repository/com/fasterxml/jackson/core/jackson-core/2.15.2/jackson-core-2.15.2.jar:/home/sumit.kumar/.m2/repository/com/fasterxml/jackson/datatype/jackson-datatype-jdk8/2.15.2/jackson-datatype-jdk8-2.15.2.jar:/home/sumit.kumar/.m2/repository/com/fasterxml/jackson/datatype/jackson-datatype-jsr310/2.15.2/jackson-datatype-jsr310-2.15.2.jar:/home/sumit.kumar/.m2/repository/com/fasterxml/jackson/module/jackson-module-parameter-names/2.15.2/jackson-module-parameter-names-2.15.2.jar:/home/sumit.kumar/.m2/repository/org/springframework/boot/spring-boot-starter-tomcat/3.1.1/spring-boot-starter-tomcat-3.1.1.jar:/home/sumit.kumar/.m2/repository/org/apache/tomcat/embed/tomcat-embed-core/10.1.10/tomcat-embed-core-10.1.10.jar:/home/sumit.kumar/.m2/repository/org/apache/tomcat/embed/tomcat-embed-websocket/10.1.10/tomcat-embed-websocket-10.1.10.jar:/home/sumit.kumar/.m2/repository/org/springframework/spring-web/6.0.10/spring-web-6.0.10.jar:/home/sumit.kumar/.m2/repository/org/springframework/spring-beans/6.0.10/spring-beans-6.0.10.jar:/home/sumit.kumar/.m2/repository/io/micrometer/micrometer-observation/1.11.1/micrometer-observation-1.11.1.jar:/home/sumit.kumar/.m2/repository/io/micrometer/micrometer-commons/1.11.1/micrometer-commons-1.11.1.jar:/home/sumit.kumar/.m2/repository/org/springframework/spring-webmvc/6.0.10/spring-webmvc-6.0.10.jar:/home/sumit.kumar/.m2/repository/org/springframework/spring-aop/6.0.10/spring-aop-6.0.10.jar:/home/sumit.kumar/.m2/repository/org/springframework/spring-context/6.0.10/spring-context-6.0.10.jar:/home/sumit.kumar/.m2/repository/org/springframework/spring-expression/6.0.10/spring-expression-6.0.10.jar:/home/sumit.kumar/.m2/repository/org/projectlombok/lombok/1.18.24/lombok-1.18.24.jar:/home/sumit.kumar/.m2/repository/org/springframework/boot/spring-boot-devtools/3.1.1/spring-boot-devtools-3.1.1.jar:/home/sumit.kumar/.m2/repository/org/springframework/boot/spring-boot/3.1.1/spring-boot-3.1.1.jar:/home/sumit.kumar/.m2/repository/org/springframework/boot/spring-boot-autoconfigure/3.1.1/spring-boot-autoconfigure-3.1.1.jar:/home/sumit.kumar/.m2/repository/org/springframework/boot/spring-boot-starter-test/3.0.7/spring-boot-starter-test-3.0.7.jar:/home/sumit.kumar/.m2/repository/org/springframework/boot/spring-boot-test/3.1.1/spring-boot-test-3.1.1.jar:/home/sumit.kumar/.m2/repository/org/springframework/boot/spring-boot-test-autoconfigure/3.1.1/spring-boot-test-autoconfigure-3.1.1.jar:/home/sumit.kumar/.m2/repository/com/jayway/jsonpath/json-path/2.8.0/json-path-2.8.0.jar:/home/sumit.kumar/.m2/repository/net/minidev/json-smart/2.4.11/json-smart-2.4.11.jar:/home/sumit.kumar/.m2/repository/net/minidev/accessors-smart/2.4.11/accessors-smart-2.4.11.jar:/home/sumit.kumar/.m2/repository/org/ow2/asm/asm/9.3/asm-9.3.jar:/home/sumit.kumar/.m2/repository/org/slf4j/slf4j-api/2.0.7/slf4j-api-2.0.7.jar:/home/sumit.kumar/.m2/repository/jakarta/xml/bind/jakarta.xml.bind-api/4.0.0/jakarta.xml.bind-api-4.0.0.jar:/home/sumit.kumar/.m2/repository/jakarta/activation/jakarta.activation-api/2.1.2/jakarta.activation-api-2.1.2.jar:/home/sumit.kumar/.m2/repository/org/assertj/assertj-core/3.24.2/assertj-core-3.24.2.jar:/home/sumit.kumar/.m2/repository/net/bytebuddy/byte-buddy/1.14.5/byte-buddy-1.14.5.jar:/home/sumit.kumar/.m2/repository/org/hamcrest/hamcrest/2.2/hamcrest-2.2.jar:/home/sumit.kumar/.m2/repository/org/junit/jupiter/junit-jupiter/5.9.3/junit-jupiter-5.9.3.jar:/home/sumit.kumar/.m2/repository/org/junit/jupiter/junit-jupiter-api/5.9.3/junit-jupiter-api-5.9.3.jar:/home/sumit.kumar/.m2/repository/org/opentest4j/opentest4j/1.2.0/opentest4j-1.2.0.jar:/home/sumit.kumar/.m2/repository/org/junit/platform/junit-platform-commons/1.9.3/junit-platform-commons-1.9.3.jar:/home/sumit.kumar/.m2/repository/org/apiguardian/apiguardian-api/1.1.2/apiguardian-api-1.1.2.jar:/home/sumit.kumar/.m2/repository/org/junit/jupiter/junit-jupiter-params/5.9.3/junit-jupiter-params-5.9.3.jar:/home/sumit.kumar/.m2/repository/org/junit/jupiter/junit-jupiter-engine/5.9.3/junit-jupiter-engine-5.9.3.jar:/home/sumit.kumar/.m2/repository/org/junit/platform/junit-platform-engine/1.9.3/junit-platform-engine-1.9.3.jar:/home/sumit.kumar/.m2/repository/org/mockito/mockito-core/5.3.1/mockito-core-5.3.1.jar:/home/sumit.kumar/.m2/repository/net/bytebuddy/byte-buddy-agent/1.14.5/byte-buddy-agent-1.14.5.jar:/home/sumit.kumar/.m2/repository/org/objenesis/objenesis/3.3/objenesis-3.3.jar:/home/sumit.kumar/.m2/repository/org/mockito/mockito-junit-jupiter/5.3.1/mockito-junit-jupiter-5.3.1.jar:/home/sumit.kumar/.m2/repository/org/skyscreamer/jsonassert/1.5.1/jsonassert-1.5.1.jar:/home/sumit.kumar/.m2/repository/com/vaadin/external/google/android-json/0.0.20131108.vaadin1/android-json-0.0.20131108.vaadin1.jar:/home/sumit.kumar/.m2/repository/org/springframework/spring-core/6.0.10/spring-core-6.0.10.jar:/home/sumit.kumar/.m2/repository/org/springframework/spring-jcl/6.0.10/spring-jcl-6.0.10.jar:/home/sumit.kumar/.m2/repository/org/springframework/spring-test/6.0.10/spring-test-6.0.10.jar:/home/sumit.kumar/.m2/repository/org/xmlunit/xmlunit-core/2.9.1/xmlunit-core-2.9.1.jar:/home/sumit.kumar/.m2/repository/org/springframework/boot/spring-boot-starter-validation/3.1.1/spring-boot-starter-validation-3.1.1.jar:/home/sumit.kumar/.m2/repository/org/apache/tomcat/embed/tomcat-embed-el/10.1.10/tomcat-embed-el-10.1.10.jar:/home/sumit.kumar/.m2/repository/org/hibernate/validator/hibernate-validator/8.0.0.Final/hibernate-validator-8.0.0.Final.jar:/home/sumit.kumar/.m2/repository/jakarta/validation/jakarta.validation-api/3.0.2/jakarta.validation-api-3.0.2.jar:/home/sumit.kumar/.m2/repository/org/jboss/logging/jboss-logging/3.5.1.Final/jboss-logging-3.5.1.Final.jar:/home/sumit.kumar/.m2/repository/com/fasterxml/classmate/1.5.1/classmate-1.5.1.jar:/home/sumit.kumar/.m2/repository/org/springdoc/springdoc-openapi-starter-webmvc-ui/2.1.0/springdoc-openapi-starter-webmvc-ui-2.1.0.jar:/home/sumit.kumar/.m2/repository/org/springdoc/springdoc-openapi-starter-webmvc-api/2.1.0/springdoc-openapi-starter-webmvc-api-2.1.0.jar:/home/sumit.kumar/.m2/repository/org/springdoc/springdoc-openapi-starter-common/2.1.0/springdoc-openapi-starter-common-2.1.0.jar:/home/sumit.kumar/.m2/repository/io/swagger/core/v3/swagger-core-jakarta/2.2.9/swagger-core-jakarta-2.2.9.jar:/home/sumit.kumar/.m2/repository/io/swagger/core/v3/swagger-annotations-jakarta/2.2.9/swagger-annotations-jakarta-2.2.9.jar:/home/sumit.kumar/.m2/repository/io/swagger/core/v3/swagger-models-jakarta/2.2.9/swagger-models-jakarta-2.2.9.jar:/home/sumit.kumar/.m2/repository/com/fasterxml/jackson/dataformat/jackson-dataformat-yaml/2.15.2/jackson-dataformat-yaml-2.15.2.jar:/home/sumit.kumar/.m2/repository/org/webjars/swagger-ui/4.18.2/swagger-ui-4.18.2.jar:/home/sumit.kumar/.m2/repository/org/springframework/boot/spring-boot-starter-data-mongodb/3.1.0/spring-boot-starter-data-mongodb-3.1.0.jar:/home/sumit.kumar/.m2/repository/org/mongodb/mongodb-driver-sync/4.9.1/mongodb-driver-sync-4.9.1.jar:/home/sumit.kumar/.m2/repository/org/mongodb/bson/4.9.1/bson-4.9.1.jar:/home/sumit.kumar/.m2/repository/org/mongodb/mongodb-driver-core/4.9.1/mongodb-driver-core-4.9.1.jar:/home/sumit.kumar/.m2/repository/org/mongodb/bson-record-codec/4.9.1/bson-record-codec-4.9.1.jar:/home/sumit.kumar/.m2/repository/org/springframework/data/spring-data-mongodb/4.1.1/spring-data-mongodb-4.1.1.jar:/home/sumit.kumar/.m2/repository/org/springframework/spring-tx/6.0.10/spring-tx-6.0.10.jar:/home/sumit.kumar/.m2/repository/org/springframework/data/spring-data-commons/3.1.1/spring-data-commons-3.1.1.jar:/home/sumit.kumar/.m2/repository/io/github/lognet/grpc-spring-boot-starter/5.1.2/grpc-spring-boot-starter-5.1.2.jar:/home/sumit.kumar/.m2/repository/io/grpc/grpc-netty-shaded/1.55.1/grpc-netty-shaded-1.55.1.jar:/home/sumit.kumar/.m2/repository/io/perfmark/perfmark-api/0.25.0/perfmark-api-0.25.0.jar:/home/sumit.kumar/.m2/repository/io/grpc/grpc-core/1.55.1/grpc-core-1.55.1.jar:/home/sumit.kumar/.m2/repository/io/grpc/grpc-api/1.55.1/grpc-api-1.55.1.jar:/home/sumit.kumar/.m2/repository/io/grpc/grpc-context/1.55.1/grpc-context-1.55.1.jar:/home/sumit.kumar/.m2/repository/com/google/android/annotations/4.1.1.4/annotations-4.1.1.4.jar:/home/sumit.kumar/.m2/repository/org/codehaus/mojo/animal-sniffer-annotations/1.21/animal-sniffer-annotations-1.21.jar:/home/sumit.kumar/.m2/repository/io/grpc/grpc-services/1.55.1/grpc-services-1.55.1.jar:/home/sumit.kumar/.m2/repository/io/grpc/grpc-protobuf/1.55.1/grpc-protobuf-1.55.1.jar:/home/sumit.kumar/.m2/repository/com/google/api/grpc/proto-google-common-protos/2.9.0/proto-google-common-protos-2.9.0.jar:/home/sumit.kumar/.m2/repository/io/grpc/grpc-protobuf-lite/1.55.1/grpc-protobuf-lite-1.55.1.jar:/home/sumit.kumar/.m2/repository/io/grpc/grpc-stub/1.55.1/grpc-stub-1.55.1.jar:/home/sumit.kumar/.m2/repository/io/netty/netty-tcnative-boringssl-static/2.0.61.Final/netty-tcnative-boringssl-static-2.0.61.Final.jar:/home/sumit.kumar/.m2/repository/io/netty/netty-tcnative-classes/2.0.61.Final/netty-tcnative-classes-2.0.61.Final.jar:/home/sumit.kumar/.m2/repository/io/netty/netty-tcnative-boringssl-static/2.0.61.Final/netty-tcnative-boringssl-static-2.0.61.Final-linux-x86_64.jar:/home/sumit.kumar/.m2/repository/io/netty/netty-tcnative-boringssl-static/2.0.61.Final/netty-tcnative-boringssl-static-2.0.61.Final-linux-aarch_64.jar:/home/sumit.kumar/.m2/repository/io/netty/netty-tcnative-boringssl-static/2.0.61.Final/netty-tcnative-boringssl-static-2.0.61.Final-osx-x86_64.jar:/home/sumit.kumar/.m2/repository/io/netty/netty-tcnative-boringssl-static/2.0.61.Final/netty-tcnative-boringssl-static-2.0.61.Final-osx-aarch_64.jar:/home/sumit.kumar/.m2/repository/io/netty/netty-tcnative-boringssl-static/2.0.61.Final/netty-tcnative-boringssl-static-2.0.61.Final-windows-x86_64.jar:/home/sumit.kumar/.m2/repository/com/google/protobuf/protobuf-java-util/3.23.2/protobuf-java-util-3.23.2.jar:/home/sumit.kumar/.m2/repository/com/google/protobuf/protobuf-java/3.23.2/protobuf-java-3.23.2.jar:/home/sumit.kumar/.m2/repository/com/google/code/findbugs/jsr305/3.0.2/jsr305-3.0.2.jar:/home/sumit.kumar/.m2/repository/com/google/code/gson/gson/2.10.1/gson-2.10.1.jar:/home/sumit.kumar/.m2/repository/com/google/errorprone/error_prone_annotations/2.11.0/error_prone_annotations-2.11.0.jar:/home/sumit.kumar/.m2/repository/com/google/guava/guava/31.1-jre/guava-31.1-jre.jar:/home/sumit.kumar/.m2/repository/com/google/guava/failureaccess/1.0.1/failureaccess-1.0.1.jar:/home/sumit.kumar/.m2/repository/com/google/guava/listenablefuture/9999.0-empty-to-avoid-conflict-with-guava/listenablefuture-9999.0-empty-to-avoid-conflict-with-guava.jar:/home/sumit.kumar/.m2/repository/org/checkerframework/checker-qual/3.12.0/checker-qual-3.12.0.jar:/home/sumit.kumar/.m2/repository/com/google/j2objc/j2objc-annotations/1.3/j2objc-annotations-1.3.jar:/home/sumit.kumar/.m2/repository/io/mongock/mongock-springboot-v3/5.2.4/mongock-springboot-v3-5.2.4.jar:/home/sumit.kumar/.m2/repository/io/mongock/mongock-runner-core/5.2.4/mongock-runner-core-5.2.4.jar:/home/sumit.kumar/.m2/repository/io/mongock/mongock-driver-api/5.2.4/mongock-driver-api-5.2.4.jar:/home/sumit.kumar/.m2/repository/org/javassist/javassist/3.28.0-GA/javassist-3.28.0-GA.jar:/home/sumit.kumar/.m2/repository/javax/inject/javax.inject/1/javax.inject-1.jar:/home/sumit.kumar/.m2/repository/org/reflections/reflections/0.10.1/reflections-0.10.1.jar:/home/sumit.kumar/.m2/repository/org/apache/maven/maven-artifact/3.6.1/maven-artifact-3.6.1.jar:/home/sumit.kumar/.m2/repository/org/codehaus/plexus/plexus-utils/3.2.0/plexus-utils-3.2.0.jar:/home/sumit.kumar/.m2/repository/org/apache/commons/commons-lang3/3.12.0/commons-lang3-3.12.0.jar:/home/sumit.kumar/.m2/repository/io/mongock/mongock-api/5.2.4/mongock-api-5.2.4.jar:/home/sumit.kumar/.m2/repository/io/mongock/mongock-utils/5.2.4/mongock-utils-5.2.4.jar:/home/sumit.kumar/.m2/repository/org/springframework/boot/spring-boot-configuration-processor/3.1.1/spring-boot-configuration-processor-3.1.1.jar:/home/sumit.kumar/.m2/repository/io/mongock/mongodb-springdata-v4-driver/5.2.4/mongodb-springdata-v4-driver-5.2.4.jar:/home/sumit.kumar/.m2/repository/io/mongock/mongock-driver-core/5.2.4/mongock-driver-core-5.2.4.jar:/home/sumit.kumar/.m2/repository/io/mongock/mongodb-sync-v4-driver/5.2.4/mongodb-sync-v4-driver-5.2.4.jar:"/>
    <property name="java.vm.vendor" value="Oracle Corporation"/>
    <property name="sun.arch.data.model" value="64"/>
    <property name="java.vendor.url" value="https://java.oracle.com/"/>
    <property name="user.timezone" value="Asia/Kolkata"/>
    <property name="org.jboss.logging.provider" value="slf4j"/>
    <property name="os.name" value="Linux"/>
    <property name="java.vm.specification.version" value="20"/>
    <property name="sun.java.launcher" value="SUN_STANDARD"/>
    <property name="user.country" value="US"/>
    <property name="sun.boot.library.path" value="/usr/lib/jvm/jdk-20/lib"/>
    <property name="sun.java.command" value="/home/sumit.kumar/Downloads/work/java_projects/group/eren/target/surefire/surefirebooter-20230720183443632_3.jar /home/sumit.kumar/Downloads/work/java_projects/group/eren/target/surefire 2023-07-20T18-34-43_581-jvmRun1 surefire-20230720183443632_1tmp surefire_0-20230720183443632_2tmp"/>
    <property name="jdk.debug" value="release"/>
    <property name="surefire.test.class.path" value="/home/sumit.kumar/Downloads/work/java_projects/group/eren/target/test-classes:/home/sumit.kumar/Downloads/work/java_projects/group/eren/target/classes:/home/sumit.kumar/.m2/repository/org/springframework/boot/spring-boot-starter-web/3.1.1/spring-boot-starter-web-3.1.1.jar:/home/sumit.kumar/.m2/repository/org/springframework/boot/spring-boot-starter/3.1.1/spring-boot-starter-3.1.1.jar:/home/sumit.kumar/.m2/repository/org/springframework/boot/spring-boot-starter-logging/3.1.1/spring-boot-starter-logging-3.1.1.jar:/home/sumit.kumar/.m2/repository/ch/qos/logback/logback-classic/1.4.8/logback-classic-1.4.8.jar:/home/sumit.kumar/.m2/repository/ch/qos/logback/logback-core/1.4.8/logback-core-1.4.8.jar:/home/sumit.kumar/.m2/repository/org/apache/logging/log4j/log4j-to-slf4j/2.20.0/log4j-to-slf4j-2.20.0.jar:/home/sumit.kumar/.m2/repository/org/apache/logging/log4j/log4j-api/2.20.0/log4j-api-2.20.0.jar:/home/sumit.kumar/.m2/repository/org/slf4j/jul-to-slf4j/2.0.7/jul-to-slf4j-2.0.7.jar:/home/sumit.kumar/.m2/repository/jakarta/annotation/jakarta.annotation-api/2.1.1/jakarta.annotation-api-2.1.1.jar:/home/sumit.kumar/.m2/repository/org/yaml/snakeyaml/1.33/snakeyaml-1.33.jar:/home/sumit.kumar/.m2/repository/org/springframework/boot/spring-boot-starter-json/3.1.1/spring-boot-starter-json-3.1.1.jar:/home/sumit.kumar/.m2/repository/com/fasterxml/jackson/core/jackson-databind/2.15.2/jackson-databind-2.15.2.jar:/home/sumit.kumar/.m2/repository/com/fasterxml/jackson/core/jackson-annotations/2.15.2/jackson-annotations-2.15.2.jar:/home/sumit.kumar/.m2/repository/com/fasterxml/jackson/core/jackson-core/2.15.2/jackson-core-2.15.2.jar:/home/sumit.kumar/.m2/repository/com/fasterxml/jackson/datatype/jackson-datatype-jdk8/2.15.2/jackson-datatype-jdk8-2.15.2.jar:/home/sumit.kumar/.m2/repository/com/fasterxml/jackson/datatype/jackson-datatype-jsr310/2.15.2/jackson-datatype-jsr310-2.15.2.jar:/home/sumit.kumar/.m2/repository/com/fasterxml/jackson/module/jackson-module-parameter-names/2.15.2/jackson-module-parameter-names-2.15.2.jar:/home/sumit.kumar/.m2/repository/org/springframework/boot/spring-boot-starter-tomcat/3.1.1/spring-boot-starter-tomcat-3.1.1.jar:/home/sumit.kumar/.m2/repository/org/apache/tomcat/embed/tomcat-embed-core/10.1.10/tomcat-embed-core-10.1.10.jar:/home/sumit.kumar/.m2/repository/org/apache/tomcat/embed/tomcat-embed-websocket/10.1.10/tomcat-embed-websocket-10.1.10.jar:/home/sumit.kumar/.m2/repository/org/springframework/spring-web/6.0.10/spring-web-6.0.10.jar:/home/sumit.kumar/.m2/repository/org/springframework/spring-beans/6.0.10/spring-beans-6.0.10.jar:/home/sumit.kumar/.m2/repository/io/micrometer/micrometer-observation/1.11.1/micrometer-observation-1.11.1.jar:/home/sumit.kumar/.m2/repository/io/micrometer/micrometer-commons/1.11.1/micrometer-commons-1.11.1.jar:/home/sumit.kumar/.m2/repository/org/springframework/spring-webmvc/6.0.10/spring-webmvc-6.0.10.jar:/home/sumit.kumar/.m2/repository/org/springframework/spring-aop/6.0.10/spring-aop-6.0.10.jar:/home/sumit.kumar/.m2/repository/org/springframework/spring-context/6.0.10/spring-context-6.0.10.jar:/home/sumit.kumar/.m2/repository/org/springframework/spring-expression/6.0.10/spring-expression-6.0.10.jar:/home/sumit.kumar/.m2/repository/org/projectlombok/lombok/1.18.24/lombok-1.18.24.jar:/home/sumit.kumar/.m2/repository/org/springframework/boot/spring-boot-devtools/3.1.1/spring-boot-devtools-3.1.1.jar:/home/sumit.kumar/.m2/repository/org/springframework/boot/spring-boot/3.1.1/spring-boot-3.1.1.jar:/home/sumit.kumar/.m2/repository/org/springframework/boot/spring-boot-autoconfigure/3.1.1/spring-boot-autoconfigure-3.1.1.jar:/home/sumit.kumar/.m2/repository/org/springframework/boot/spring-boot-starter-test/3.0.7/spring-boot-starter-test-3.0.7.jar:/home/sumit.kumar/.m2/repository/org/springframework/boot/spring-boot-test/3.1.1/spring-boot-test-3.1.1.jar:/home/sumit.kumar/.m2/repository/org/springframework/boot/spring-boot-test-autoconfigure/3.1.1/spring-boot-test-autoconfigure-3.1.1.jar:/home/sumit.kumar/.m2/repository/com/jayway/jsonpath/json-path/2.8.0/json-path-2.8.0.jar:/home/sumit.kumar/.m2/repository/net/minidev/json-smart/2.4.11/json-smart-2.4.11.jar:/home/sumit.kumar/.m2/repository/net/minidev/accessors-smart/2.4.11/accessors-smart-2.4.11.jar:/home/sumit.kumar/.m2/repository/org/ow2/asm/asm/9.3/asm-9.3.jar:/home/sumit.kumar/.m2/repository/org/slf4j/slf4j-api/2.0.7/slf4j-api-2.0.7.jar:/home/sumit.kumar/.m2/repository/jakarta/xml/bind/jakarta.xml.bind-api/4.0.0/jakarta.xml.bind-api-4.0.0.jar:/home/sumit.kumar/.m2/repository/jakarta/activation/jakarta.activation-api/2.1.2/jakarta.activation-api-2.1.2.jar:/home/sumit.kumar/.m2/repository/org/assertj/assertj-core/3.24.2/assertj-core-3.24.2.jar:/home/sumit.kumar/.m2/repository/net/bytebuddy/byte-buddy/1.14.5/byte-buddy-1.14.5.jar:/home/sumit.kumar/.m2/repository/org/hamcrest/hamcrest/2.2/hamcrest-2.2.jar:/home/sumit.kumar/.m2/repository/org/junit/jupiter/junit-jupiter/5.9.3/junit-jupiter-5.9.3.jar:/home/sumit.kumar/.m2/repository/org/junit/jupiter/junit-jupiter-api/5.9.3/junit-jupiter-api-5.9.3.jar:/home/sumit.kumar/.m2/repository/org/opentest4j/opentest4j/1.2.0/opentest4j-1.2.0.jar:/home/sumit.kumar/.m2/repository/org/junit/platform/junit-platform-commons/1.9.3/junit-platform-commons-1.9.3.jar:/home/sumit.kumar/.m2/repository/org/apiguardian/apiguardian-api/1.1.2/apiguardian-api-1.1.2.jar:/home/sumit.kumar/.m2/repository/org/junit/jupiter/junit-jupiter-params/5.9.3/junit-jupiter-params-5.9.3.jar:/home/sumit.kumar/.m2/repository/org/junit/jupiter/junit-jupiter-engine/5.9.3/junit-jupiter-engine-5.9.3.jar:/home/sumit.kumar/.m2/repository/org/junit/platform/junit-platform-engine/1.9.3/junit-platform-engine-1.9.3.jar:/home/sumit.kumar/.m2/repository/org/mockito/mockito-core/5.3.1/mockito-core-5.3.1.jar:/home/sumit.kumar/.m2/repository/net/bytebuddy/byte-buddy-agent/1.14.5/byte-buddy-agent-1.14.5.jar:/home/sumit.kumar/.m2/repository/org/objenesis/objenesis/3.3/objenesis-3.3.jar:/home/sumit.kumar/.m2/repository/org/mockito/mockito-junit-jupiter/5.3.1/mockito-junit-jupiter-5.3.1.jar:/home/sumit.kumar/.m2/repository/org/skyscreamer/jsonassert/1.5.1/jsonassert-1.5.1.jar:/home/sumit.kumar/.m2/repository/com/vaadin/external/google/android-json/0.0.20131108.vaadin1/android-json-0.0.20131108.vaadin1.jar:/home/sumit.kumar/.m2/repository/org/springframework/spring-core/6.0.10/spring-core-6.0.10.jar:/home/sumit.kumar/.m2/repository/org/springframework/spring-jcl/6.0.10/spring-jcl-6.0.10.jar:/home/sumit.kumar/.m2/repository/org/springframework/spring-test/6.0.10/spring-test-6.0.10.jar:/home/sumit.kumar/.m2/repository/org/xmlunit/xmlunit-core/2.9.1/xmlunit-core-2.9.1.jar:/home/sumit.kumar/.m2/repository/org/springframework/boot/spring-boot-starter-validation/3.1.1/spring-boot-starter-validation-3.1.1.jar:/home/sumit.kumar/.m2/repository/org/apache/tomcat/embed/tomcat-embed-el/10.1.10/tomcat-embed-el-10.1.10.jar:/home/sumit.kumar/.m2/repository/org/hibernate/validator/hibernate-validator/8.0.0.Final/hibernate-validator-8.0.0.Final.jar:/home/sumit.kumar/.m2/repository/jakarta/validation/jakarta.validation-api/3.0.2/jakarta.validation-api-3.0.2.jar:/home/sumit.kumar/.m2/repository/org/jboss/logging/jboss-logging/3.5.1.Final/jboss-logging-3.5.1.Final.jar:/home/sumit.kumar/.m2/repository/com/fasterxml/classmate/1.5.1/classmate-1.5.1.jar:/home/sumit.kumar/.m2/repository/org/springdoc/springdoc-openapi-starter-webmvc-ui/2.1.0/springdoc-openapi-starter-webmvc-ui-2.1.0.jar:/home/sumit.kumar/.m2/repository/org/springdoc/springdoc-openapi-starter-webmvc-api/2.1.0/springdoc-openapi-starter-webmvc-api-2.1.0.jar:/home/sumit.kumar/.m2/repository/org/springdoc/springdoc-openapi-starter-common/2.1.0/springdoc-openapi-starter-common-2.1.0.jar:/home/sumit.kumar/.m2/repository/io/swagger/core/v3/swagger-core-jakarta/2.2.9/swagger-core-jakarta-2.2.9.jar:/home/sumit.kumar/.m2/repository/io/swagger/core/v3/swagger-annotations-jakarta/2.2.9/swagger-annotations-jakarta-2.2.9.jar:/home/sumit.kumar/.m2/repository/io/swagger/core/v3/swagger-models-jakarta/2.2.9/swagger-models-jakarta-2.2.9.jar:/home/sumit.kumar/.m2/repository/com/fasterxml/jackson/dataformat/jackson-dataformat-yaml/2.15.2/jackson-dataformat-yaml-2.15.2.jar:/home/sumit.kumar/.m2/repository/org/webjars/swagger-ui/4.18.2/swagger-ui-4.18.2.jar:/home/sumit.kumar/.m2/repository/org/springframework/boot/spring-boot-starter-data-mongodb/3.1.0/spring-boot-starter-data-mongodb-3.1.0.jar:/home/sumit.kumar/.m2/repository/org/mongodb/mongodb-driver-sync/4.9.1/mongodb-driver-sync-4.9.1.jar:/home/sumit.kumar/.m2/repository/org/mongodb/bson/4.9.1/bson-4.9.1.jar:/home/sumit.kumar/.m2/repository/org/mongodb/mongodb-driver-core/4.9.1/mongodb-driver-core-4.9.1.jar:/home/sumit.kumar/.m2/repository/org/mongodb/bson-record-codec/4.9.1/bson-record-codec-4.9.1.jar:/home/sumit.kumar/.m2/repository/org/springframework/data/spring-data-mongodb/4.1.1/spring-data-mongodb-4.1.1.jar:/home/sumit.kumar/.m2/repository/org/springframework/spring-tx/6.0.10/spring-tx-6.0.10.jar:/home/sumit.kumar/.m2/repository/org/springframework/data/spring-data-commons/3.1.1/spring-data-commons-3.1.1.jar:/home/sumit.kumar/.m2/repository/io/github/lognet/grpc-spring-boot-starter/5.1.2/grpc-spring-boot-starter-5.1.2.jar:/home/sumit.kumar/.m2/repository/io/grpc/grpc-netty-shaded/1.55.1/grpc-netty-shaded-1.55.1.jar:/home/sumit.kumar/.m2/repository/io/perfmark/perfmark-api/0.25.0/perfmark-api-0.25.0.jar:/home/sumit.kumar/.m2/repository/io/grpc/grpc-core/1.55.1/grpc-core-1.55.1.jar:/home/sumit.kumar/.m2/repository/io/grpc/grpc-api/1.55.1/grpc-api-1.55.1.jar:/home/sumit.kumar/.m2/repository/io/grpc/grpc-context/1.55.1/grpc-context-1.55.1.jar:/home/sumit.kumar/.m2/repository/com/google/android/annotations/4.1.1.4/annotations-4.1.1.4.jar:/home/sumit.kumar/.m2/repository/org/codehaus/mojo/animal-sniffer-annotations/1.21/animal-sniffer-annotations-1.21.jar:/home/sumit.kumar/.m2/repository/io/grpc/grpc-services/1.55.1/grpc-services-1.55.1.jar:/home/sumit.kumar/.m2/repository/io/grpc/grpc-protobuf/1.55.1/grpc-protobuf-1.55.1.jar:/home/sumit.kumar/.m2/repository/com/google/api/grpc/proto-google-common-protos/2.9.0/proto-google-common-protos-2.9.0.jar:/home/sumit.kumar/.m2/repository/io/grpc/grpc-protobuf-lite/1.55.1/grpc-protobuf-lite-1.55.1.jar:/home/sumit.kumar/.m2/repository/io/grpc/grpc-stub/1.55.1/grpc-stub-1.55.1.jar:/home/sumit.kumar/.m2/repository/io/netty/netty-tcnative-boringssl-static/2.0.61.Final/netty-tcnative-boringssl-static-2.0.61.Final.jar:/home/sumit.kumar/.m2/repository/io/netty/netty-tcnative-classes/2.0.61.Final/netty-tcnative-classes-2.0.61.Final.jar:/home/sumit.kumar/.m2/repository/io/netty/netty-tcnative-boringssl-static/2.0.61.Final/netty-tcnative-boringssl-static-2.0.61.Final-linux-x86_64.jar:/home/sumit.kumar/.m2/repository/io/netty/netty-tcnative-boringssl-static/2.0.61.Final/netty-tcnative-boringssl-static-2.0.61.Final-linux-aarch_64.jar:/home/sumit.kumar/.m2/repository/io/netty/netty-tcnative-boringssl-static/2.0.61.Final/netty-tcnative-boringssl-static-2.0.61.Final-osx-x86_64.jar:/home/sumit.kumar/.m2/repository/io/netty/netty-tcnative-boringssl-static/2.0.61.Final/netty-tcnative-boringssl-static-2.0.61.Final-osx-aarch_64.jar:/home/sumit.kumar/.m2/repository/io/netty/netty-tcnative-boringssl-static/2.0.61.Final/netty-tcnative-boringssl-static-2.0.61.Final-windows-x86_64.jar:/home/sumit.kumar/.m2/repository/com/google/protobuf/protobuf-java-util/3.23.2/protobuf-java-util-3.23.2.jar:/home/sumit.kumar/.m2/repository/com/google/protobuf/protobuf-java/3.23.2/protobuf-java-3.23.2.jar:/home/sumit.kumar/.m2/repository/com/google/code/findbugs/jsr305/3.0.2/jsr305-3.0.2.jar:/home/sumit.kumar/.m2/repository/com/google/code/gson/gson/2.10.1/gson-2.10.1.jar:/home/sumit.kumar/.m2/repository/com/google/errorprone/error_prone_annotations/2.11.0/error_prone_annotations-2.11.0.jar:/home/sumit.kumar/.m2/repository/com/google/guava/guava/31.1-jre/guava-31.1-jre.jar:/home/sumit.kumar/.m2/repository/com/google/guava/failureaccess/1.0.1/failureaccess-1.0.1.jar:/home/sumit.kumar/.m2/repository/com/google/guava/listenablefuture/9999.0-empty-to-avoid-conflict-with-guava/listenablefuture-9999.0-empty-to-avoid-conflict-with-guava.jar:/home/sumit.kumar/.m2/repository/org/checkerframework/checker-qual/3.12.0/checker-qual-3.12.0.jar:/home/sumit.kumar/.m2/repository/com/google/j2objc/j2objc-annotations/1.3/j2objc-annotations-1.3.jar:/home/sumit.kumar/.m2/repository/io/mongock/mongock-springboot-v3/5.2.4/mongock-springboot-v3-5.2.4.jar:/home/sumit.kumar/.m2/repository/io/mongock/mongock-runner-core/5.2.4/mongock-runner-core-5.2.4.jar:/home/sumit.kumar/.m2/repository/io/mongock/mongock-driver-api/5.2.4/mongock-driver-api-5.2.4.jar:/home/sumit.kumar/.m2/repository/org/javassist/javassist/3.28.0-GA/javassist-3.28.0-GA.jar:/home/sumit.kumar/.m2/repository/javax/inject/javax.inject/1/javax.inject-1.jar:/home/sumit.kumar/.m2/repository/org/reflections/reflections/0.10.1/reflections-0.10.1.jar:/home/sumit.kumar/.m2/repository/org/apache/maven/maven-artifact/3.6.1/maven-artifact-3.6.1.jar:/home/sumit.kumar/.m2/repository/org/codehaus/plexus/plexus-utils/3.2.0/plexus-utils-3.2.0.jar:/home/sumit.kumar/.m2/repository/org/apache/commons/commons-lang3/3.12.0/commons-lang3-3.12.0.jar:/home/sumit.kumar/.m2/repository/io/mongock/mongock-api/5.2.4/mongock-api-5.2.4.jar:/home/sumit.kumar/.m2/repository/io/mongock/mongock-utils/5.2.4/mongock-utils-5.2.4.jar:/home/sumit.kumar/.m2/repository/org/springframework/boot/spring-boot-configuration-processor/3.1.1/spring-boot-configuration-processor-3.1.1.jar:/home/sumit.kumar/.m2/repository/io/mongock/mongodb-springdata-v4-driver/5.2.4/mongodb-springdata-v4-driver-5.2.4.jar:/home/sumit.kumar/.m2/repository/io/mongock/mongock-driver-core/5.2.4/mongock-driver-core-5.2.4.jar:/home/sumit.kumar/.m2/repository/io/mongock/mongodb-sync-v4-driver/5.2.4/mongodb-sync-v4-driver-5.2.4.jar:"/>
    <property name="sun.cpu.endian" value="little"/>
    <property name="user.home" value="/home/sumit.kumar"/>
    <property name="user.language" value="en"/>
    <property name="java.specification.vendor" value="Oracle Corporation"/>
    <property name="java.version.date" value="2023-04-18"/>
    <property name="java.home" value="/usr/lib/jvm/jdk-20"/>
    <property name="file.separator" value="/"/>
    <property name="basedir" value="/home/sumit.kumar/Downloads/work/java_projects/group/eren"/>
    <property name="java.vm.compressedOopsMode" value="Zero based"/>
    <property name="line.separator" value="&#10;"/>
    <property name="java.vm.specification.vendor" value="Oracle Corporation"/>
    <property name="java.specification.name" value="Java Platform API Specification"/>
    <property name="FILE_LOG_CHARSET" value="UTF-8"/>
    <property name="java.awt.headless" value="true"/>
    <property name="surefire.real.class.path" value="/home/sumit.kumar/Downloads/work/java_projects/group/eren/target/surefire/surefirebooter-20230720183443632_3.jar"/>
    <property name="sun.management.compiler" value="HotSpot 64-Bit Tiered Compilers"/>
    <property name="java.runtime.version" value="20.0.1+9-29"/>
    <property name="user.name" value="sumit.kumar"/>
    <property name="stdout.encoding" value="UTF-8"/>
    <property name="path.separator" value=":"/>
    <property name="os.version" value="6.2.0-25-generic"/>
    <property name="java.runtime.name" value="Java(TM) SE Runtime Environment"/>
    <property name="file.encoding" value="UTF-8"/>
    <property name="java.vm.name" value="Java HotSpot(TM) 64-Bit Server VM"/>
    <property name="localRepository" value="/home/sumit.kumar/.m2/repository"/>
    <property name="java.vendor.url.bug" value="https://bugreport.java.com/bugreport/"/>
    <property name="java.io.tmpdir" value="/tmp"/>
    <property name="java.version" value="20.0.1"/>
    <property name="user.dir" value="/home/sumit.kumar/Downloads/work/java_projects/group/eren"/>
    <property name="os.arch" value="amd64"/>
    <property name="java.vm.specification.name" value="Java Virtual Machine Specification"/>
    <property name="PID" value="140012"/>
    <property name="CONSOLE_LOG_CHARSET" value="UTF-8"/>
    <property name="native.encoding" value="UTF-8"/>
    <property name="java.library.path" value="/usr/java/packages/lib:/usr/lib64:/lib64:/lib:/usr/lib"/>
    <property name="java.vm.info" value="mixed mode, sharing"/>
    <property name="stderr.encoding" value="UTF-8"/>
    <property name="java.vendor" value="Oracle Corporation"/>
    <property name="java.vm.version" value="20.0.1+9-29"/>
    <property name="sun.io.unicode.encoding" value="UnicodeLittle"/>
    <property name="java.class.version" value="64.0"/>
  </properties>
  <testcase name="contextLoads" classname="com.example.eren.ErenApplicationTests" time="0.468">
    <system-out><![CDATA[18:34:44.118 [main] INFO org.springframework.test.context.support.AnnotationConfigContextLoaderUtils -- Could not detect default configuration classes for test class [com.example.eren.ErenApplicationTests]: ErenApplicationTests does not declare any static, non-private, non-final, nested classes annotated with @Configuration.
18:34:44.163 [main] INFO org.springframework.boot.test.context.SpringBootTestContextBootstrapper -- Found @SpringBootConfiguration com.example.eren.ErenApplication for test class com.example.eren.ErenApplicationTests

  .   ____          _            __ _ _
 /\\ / ___'_ __ _ _(_)_ __  __ _ \ \ \ \
( ( )\___ | '_ | '_| | '_ \/ _` | \ \ \ \
 \\/  ___)| |_)| | | | | || (_| |  ) ) ) )
  '  |____| .__|_| |_|_| |_\__, | / / / /
 =========|_|==============|___/=/_/_/_/
 :: Spring Boot ::                (v3.1.1)

2023-07-20T18:34:44.372+05:30  INFO 140012 --- [           main] com.example.eren.ErenApplicationTests    : Starting ErenApplicationTests using Java 20.0.1 with PID 140012 (started by sumit.kumar in /home/sumit.kumar/Downloads/work/java_projects/group/eren)
2023-07-20T18:34:44.373+05:30  INFO 140012 --- [           main] com.example.eren.ErenApplicationTests    : No active profile set, falling back to 1 default profile: "default"
2023-07-20T18:34:44.739+05:30  INFO 140012 --- [           main] .s.d.r.c.RepositoryConfigurationDelegate : Bootstrapping Spring Data MongoDB repositories in DEFAULT mode.
2023-07-20T18:34:44.748+05:30  INFO 140012 --- [           main] .s.d.r.c.RepositoryConfigurationDelegate : Finished Spring Data repository scanning in 6 ms. Found 0 MongoDB repository interfaces.
2023-07-20T18:34:45.386+05:30  INFO 140012 --- [           main] org.mongodb.driver.client                : MongoClient with metadata {"driver": {"name": "mongo-java-driver|sync|spring-boot", "version": "4.9.1"}, "os": {"type": "Linux", "name": "Linux", "architecture": "amd64", "version": "6.2.0-25-generic"}, "platform": "Java/Oracle Corporation/20.0.1+9-29"} created with settings MongoClientSettings{readPreference=primary, writeConcern=WriteConcern{w=null, wTimeout=null ms, journal=null}, retryWrites=true, retryReads=true, readConcern=ReadConcern{level=null}, credential=MongoCredential{mechanism=null, userName='admin', source='admin', password=<hidden>, mechanismProperties=<hidden>}, streamFactoryFactory=null, commandListeners=[], codecRegistry=ProvidersCodecRegistry{codecProviders=[ValueCodecProvider{}, BsonValueCodecProvider{}, DBRefCodecProvider{}, DBObjectCodecProvider{}, DocumentCodecProvider{}, CollectionCodecProvider{}, IterableCodecProvider{}, MapCodecProvider{}, GeoJsonCodecProvider{}, GridFSFileCodecProvider{}, Jsr310CodecProvider{}, JsonObjectCodecProvider{}, BsonCodecProvider{}, EnumCodecProvider{}, com.mongodb.client.model.mql.ExpressionCodecProvider@2bec068b, com.mongodb.Jep395RecordCodecProvider@7d59e968]}, loggerSettings=LoggerSettings{maxDocumentLength=1000}, clusterSettings={hosts=[127.0.0.1:27017], srvHost=sastra.zgvaj32.mongodb.net, srvServiceName=mongodb, mode=MULTIPLE, requiredClusterType=REPLICA_SET, requiredReplicaSetName='atlas-10y7dv-shard-0', serverSelector='null', clusterListeners='[]', serverSelectionTimeout='30000 ms', localThreshold='30000 ms'}, socketSettings=SocketSettings{connectTimeoutMS=10000, readTimeoutMS=0, receiveBufferSize=0, sendBufferSize=0}, heartbeatSocketSettings=SocketSettings{connectTimeoutMS=10000, readTimeoutMS=10000, receiveBufferSize=0, sendBufferSize=0}, connectionPoolSettings=ConnectionPoolSettings{maxSize=100, minSize=0, maxWaitTimeMS=120000, maxConnectionLifeTimeMS=0, maxConnectionIdleTimeMS=0, maintenanceInitialDelayMS=0, maintenanceFrequencyMS=60000, connectionPoolListeners=[], maxConnecting=2}, serverSettings=ServerSettings{heartbeatFrequencyMS=10000, minHeartbeatFrequencyMS=500, serverListeners='[]', serverMonitorListeners='[]'}, sslSettings=SslSettings{enabled=true, invalidHostNameAllowed=false, context=null}, applicationName='null', compressorList=[], uuidRepresentation=JAVA_LEGACY, serverApi=null, autoEncryptionSettings=null, contextProvider=null}
2023-07-20T18:34:45.451+05:30  INFO 140012 --- [j32.mongodb.net] org.mongodb.driver.cluster               : Adding discovered server ac-8r577fc-shard-00-02.zgvaj32.mongodb.net:27017 to client view of cluster
2023-07-20T18:34:45.468+05:30  INFO 140012 --- [j32.mongodb.net] org.mongodb.driver.cluster               : Adding discovered server ac-8r577fc-shard-00-00.zgvaj32.mongodb.net:27017 to client view of cluster
2023-07-20T18:34:45.469+05:30  INFO 140012 --- [j32.mongodb.net] org.mongodb.driver.cluster               : Adding discovered server ac-8r577fc-shard-00-01.zgvaj32.mongodb.net:27017 to client view of cluster
2023-07-20T18:34:45.515+05:30  INFO 140012 --- [           main] com.example.eren.ErenApplicationTests    : Started ErenApplicationTests in 1.29 seconds (process running for 1.841)
]]></system-out>
  </testcase>
</testsuite>